[debug] [2021-04-26T13:57:12.154Z] ----------------------------------------------------------------------
[debug] [2021-04-26T13:57:12.157Z] Command:       C:\Program Files\nodejs\node.exe C:\Users\Admin\AppData\Roaming\npm\node_modules\firebase-tools\lib\bin\firebase.js init
[debug] [2021-04-26T13:57:12.157Z] CLI Version:   9.10.0
[debug] [2021-04-26T13:57:12.157Z] Platform:      win32
[debug] [2021-04-26T13:57:12.157Z] Node Version:  v14.16.0
[debug] [2021-04-26T13:57:12.159Z] Time:          Mon Apr 26 2021 20:57:12 GMT+0700 (Indochina Time)
[debug] [2021-04-26T13:57:12.159Z] ----------------------------------------------------------------------
[debug] 
[debug] [2021-04-26T13:57:12.171Z] > command requires scopes: ["email","openid","https://www.googleapis.com/auth/cloudplatformprojects.readonly","https://www.googleapis.com/auth/firebase","https://www.googleapis.com/auth/cloud-platform"]
[debug] [2021-04-26T13:57:12.171Z] > authorizing via signed-in user (truongxuanquang@gmail.com)
[info] 
     ######## #### ########  ######## ########     ###     ######  ########
     ##        ##  ##     ## ##       ##     ##  ##   ##  ##       ##
     ######    ##  ########  ######   ########  #########  ######  ######
     ##        ##  ##    ##  ##       ##     ## ##     ##       ## ##
     ##       #### ##     ## ######## ########  ##     ##  ######  ########

You're about to initialize a Firebase project in this directory:

  C:\Project2\mangol-config

Before we get started, keep in mind:

  * You are currently outside your home directory

[info] 
=== Project Setup
[info] 
[info] First, let's associate this project directory with a Firebase project.
[info] You can create multiple project aliases by running firebase use --add, 
[info] but for now we'll just set up a default project.
[info] 
[debug] [2021-04-26T14:01:23.643Z] >>> [apiv2][query] GET https://firebase.googleapis.com/v1beta1/projects pageSize=100
[debug] [2021-04-26T14:01:25.518Z] <<< [apiv2][status] GET https://firebase.googleapis.com/v1beta1/projects 200
[debug] [2021-04-26T14:01:25.518Z] <<< [apiv2][body] GET https://firebase.googleapis.com/v1beta1/projects [omitted]
[info] i  Using project web-songhong (web-songhong) 
[info] 
=== Hosting Setup
[info] 
[info] Your public directory is the folder (relative to your project directory) that
[info] will contain Hosting assets to be uploaded with firebase deploy. If you
[info] have a build process for your assets, use your build's output directory.
[info] 
[debug] [2021-04-26T14:01:53.354Z] >>> [apiv2][query] GET https://www.gstatic.com/firebasejs/releases.json [none]
[debug] [2021-04-26T14:01:53.482Z] <<< [apiv2][status] GET https://www.gstatic.com/firebasejs/releases.json 200
[debug] [2021-04-26T14:01:53.483Z] <<< [apiv2][body] GET https://www.gstatic.com/firebasejs/releases.json {"current":{"version":"8.4.2","browserURL":"https://www.gstatic.com/firebasejs/8.4.2/firebase.js","packageURL":"https://www.gstatic.com/firebasejs/8.4.2/firebase.tgz"},"live":{"version":"8.4","browserURL":"https://www.gstatic.com/firebasejs/live/8.4/firebase.js","packageURL":"https://www.gstatic.com/firebasejs/live/8.4/firebase.tgz"},"components":{"analytics":"https://www.gstatic.com/firebasejs/8.4.2/firebase-analytics.js","app":"https://www.gstatic.com/firebasejs/8.4.2/firebase-app.js","auth":"https://www.gstatic.com/firebasejs/8.4.2/firebase-auth.js","database":"https://www.gstatic.com/firebasejs/8.4.2/firebase-database.js","firestore":"https://www.gstatic.com/firebasejs/8.4.2/firebase-firestore.js","functions":"https://www.gstatic.com/firebasejs/8.4.2/firebase-functions.js","installations":"https://www.gstatic.com/firebasejs/8.4.2/firebase-installations.js","messaging":"https://www.gstatic.com/firebasejs/8.4.2/firebase-messaging.js","storage":"https://www.gstatic.com/firebasejs/8.4.2/firebase-storage.js","performance":"https://www.gstatic.com/firebasejs/8.4.2/firebase-performance.js","remote-config":"https://www.gstatic.com/firebasejs/8.4.2/firebase-remote-config.js","firestore.memory":"https://www.gstatic.com/firebasejs/8.4.2/firebase-firestore.memory.js"}}
[info] +  Wrote public/index.html 
[info] 
[info] i  Detected a .git folder at C:\Project2\mangol-config 
[info] i  Authorizing with GitHub to upload your service account to a GitHub repository's secrets store. 
[info] 
[info] Visit this URL on this device to log in:
[info] https://github.com/login/oauth/authorize?client_id=89cf50f02ac6aaed3484&state=301237532&redirect_uri=http%3A%2F%2Flocalhost%3A9005&scope=read%3Auser%20repo%20public_repo
[info] 
[info] Waiting for authentication...
